# JRE version: OpenJDK Runtime Environment (8.0_242-b01) (build 1.8.0_242-release-1644-b01)
# Java VM: OpenJDK 64-Bit Server VM (25.242-b01 mixed mode windows-amd64 compressed oops)
Heap:
 PSYoungGen      total 419840K, used 385975K [0x00000000e0000000, 0x0000000100000000, 0x0000000100000000)
  eden space 375808K, 90% used [0x00000000e0000000,0x00000000f4def4f0,0x00000000f6f00000)
  from space 44032K, 99% used [0x00000000fa380000,0x00000000fce7e9c0,0x00000000fce80000)
  to   space 53760K, 0% used [0x00000000f6f00000,0x00000000f6f00000,0x00000000fa380000)
 ParOldGen       total 352256K, used 79696K [0x00000000a0000000, 0x00000000b5800000, 0x00000000e0000000)
  object space 352256K, 22% used [0x00000000a0000000,0x00000000a4dd4288,0x00000000b5800000)
 Metaspace       used 112197K, capacity 117674K, committed 119960K, reserved 1153024K
  class space    used 14659K, capacity 15639K, committed 16304K, reserved 1048576K
GC Heap History (10 events):
Event: 31.241 GC heap before
{Heap before GC invocations=14 (full 3):
 PSYoungGen      total 371200K, used 338909K [0x00000000e0000000, 0x00000000f9180000, 0x0000000100000000)
  eden space 344576K, 90% used [0x00000000e0000000,0x00000000f30f90e0,0x00000000f5080000)
  from space 26624K, 99% used [0x00000000f7380000,0x00000000f8d7e5d0,0x00000000f8d80000)
  to   space 33280K, 0% used [0x00000000f5080000,0x00000000f5080000,0x00000000f7100000)
 ParOldGen       total 231424K, used 42611K [0x00000000a0000000, 0x00000000ae200000, 0x00000000e0000000)
  object space 231424K, 18% used [0x00000000a0000000,0x00000000a299ced8,0x00000000ae200000)
 Metaspace       used 91452K, capacity 98328K, committed 98584K, reserved 1134592K
  class space    used 12714K, capacity 13851K, committed 13872K, reserved 1048576K
Event: 31.283 GC heap after
Heap after GC invocations=14 (full 3):
 PSYoungGen      total 377856K, used 33269K [0x00000000e0000000, 0x00000000fd880000, 0x0000000100000000)
  eden space 344576K, 0% used [0x00000000e0000000,0x00000000e0000000,0x00000000f5080000)
  from space 33280K, 99% used [0x00000000f5080000,0x00000000f70fd630,0x00000000f7100000)
  to   space 41984K, 0% used [0x00000000faf80000,0x00000000faf80000,0x00000000fd880000)
 ParOldGen       total 231424K, used 53022K [0x00000000a0000000, 0x00000000ae200000, 0x00000000e0000000)
  object space 231424K, 22% used [0x00000000a0000000,0x00000000a33c78a8,0x00000000ae200000)
 Metaspace       used 91452K, capacity 98328K, committed 98584K, reserved 1134592K
  class space    used 12714K, capacity 13851K, committed 13872K, reserved 1048576K
}
Event: 31.283 GC heap before
{Heap before GC invocations=15 (full 4):
 PSYoungGen      total 377856K, used 33269K [0x00000000e0000000, 0x00000000fd880000, 0x0000000100000000)
  eden space 344576K, 0% used [0x00000000e0000000,0x00000000e0000000,0x00000000f5080000)
  from space 33280K, 99% used [0x00000000f5080000,0x00000000f70fd630,0x00000000f7100000)
  to   space 41984K, 0% used [0x00000000faf80000,0x00000000faf80000,0x00000000fd880000)
 ParOldGen       total 231424K, used 53022K [0x00000000a0000000, 0x00000000ae200000, 0x00000000e0000000)
  object space 231424K, 22% used [0x00000000a0000000,0x00000000a33c78a8,0x00000000ae200000)
 Metaspace       used 91452K, capacity 98328K, committed 98584K, reserved 1134592K
  class space    used 12714K, capacity 13851K, committed 13872K, reserved 1048576K
Event: 31.446 GC heap after
Heap after GC invocations=15 (full 4):
 PSYoungGen      total 377856K, used 0K [0x00000000e0000000, 0x00000000fd880000, 0x0000000100000000)
  eden space 344576K, 0% used [0x00000000e0000000,0x00000000e0000000,0x00000000f5080000)
  from space 33280K, 0% used [0x00000000f5080000,0x00000000f5080000,0x00000000f7100000)
  to   space 41984K, 0% used [0x00000000faf80000,0x00000000faf80000,0x00000000fd880000)
 ParOldGen       total 352256K, used 72018K [0x00000000a0000000, 0x00000000b5800000, 0x00000000e0000000)
  object space 352256K, 20% used [0x00000000a0000000,0x00000000a4654908,0x00000000b5800000)
 Metaspace       used 89788K, capacity 93748K, committed 98584K, reserved 1134592K
  class space    used 12160K, capacity 12873K, committed 13872K, reserved 1048576K
}
Event: 1901.698 GC heap before
{Heap before GC invocations=16 (full 4):
 PSYoungGen      total 377856K, used 344576K [0x00000000e0000000, 0x00000000fd880000, 0x0000000100000000)
  eden space 344576K, 100% used [0x00000000e0000000,0x00000000f5080000,0x00000000f5080000)
  from space 33280K, 0% used [0x00000000f5080000,0x00000000f5080000,0x00000000f7100000)
  to   space 41984K, 0% used [0x00000000faf80000,0x00000000faf80000,0x00000000fd880000)
 ParOldGen       total 352256K, used 72018K [0x00000000a0000000, 0x00000000b5800000, 0x00000000e0000000)
  object space 352256K, 20% used [0x00000000a0000000,0x00000000a4654908,0x00000000b5800000)
 Metaspace       used 95263K, capacity 99528K, committed 103704K, reserved 1138688K
  class space    used 12631K, capacity 13421K, committed 14384K, reserved 1048576K
Event: 1901.705 GC heap after
Heap after GC invocations=16 (full 4):
 PSYoungGen      total 435712K, used 6330K [0x00000000e0000000, 0x00000000fd500000, 0x0000000100000000)
  eden space 397312K, 0% used [0x00000000e0000000,0x00000000e0000000,0x00000000f8400000)
  from space 38400K, 16% used [0x00000000faf80000,0x00000000fb5ae828,0x00000000fd500000)
  to   space 41472K, 0% used [0x00000000f8400000,0x00000000f8400000,0x00000000fac80000)
 ParOldGen       total 352256K, used 72026K [0x00000000a0000000, 0x00000000b5800000, 0x00000000e0000000)
  object space 352256K, 20% used [0x00000000a0000000,0x00000000a4656908,0x00000000b5800000)
 Metaspace       used 95263K, capacity 99528K, committed 103704K, reserved 1138688K
  class space    used 12631K, capacity 13421K, committed 14384K, reserved 1048576K
}
Event: 2716.284 GC heap before
{Heap before GC invocations=17 (full 4):
 PSYoungGen      total 435712K, used 403642K [0x00000000e0000000, 0x00000000fd500000, 0x0000000100000000)
  eden space 397312K, 100% used [0x00000000e0000000,0x00000000f8400000,0x00000000f8400000)
  from space 38400K, 16% used [0x00000000faf80000,0x00000000fb5ae828,0x00000000fd500000)
  to   space 41472K, 0% used [0x00000000f8400000,0x00000000f8400000,0x00000000fac80000)
 ParOldGen       total 352256K, used 72026K [0x00000000a0000000, 0x00000000b5800000, 0x00000000e0000000)
  object space 352256K, 20% used [0x00000000a0000000,0x00000000a4656908,0x00000000b5800000)
 Metaspace       used 107298K, capacity 112398K, committed 115608K, reserved 1148928K
  class space    used 14070K, capacity 15002K, committed 15792K, reserved 1048576K
Event: 2716.319 GC heap after
Heap after GC invocations=17 (full 4):
 PSYoungGen      total 416256K, used 30659K [0x00000000e0000000, 0x00000000fce80000, 0x0000000100000000)
  eden space 385536K, 0% used [0x00000000e0000000,0x00000000e0000000,0x00000000f7880000)
  from space 30720K, 99% used [0x00000000f8400000,0x00000000fa1f0e50,0x00000000fa200000)
  to   space 44032K, 0% used [0x00000000fa380000,0x00000000fa380000,0x00000000fce80000)
 ParOldGen       total 352256K, used 72034K [0x00000000a0000000, 0x00000000b5800000, 0x00000000e0000000)
  object space 352256K, 20% used [0x00000000a0000000,0x00000000a4658908,0x00000000b5800000)
 Metaspace       used 107298K, capacity 112398K, committed 115608K, reserved 1148928K
  class space    used 14070K, capacity 15002K, committed 15792K, reserved 1048576K
}
Event: 2716.768 GC heap before
{Heap before GC invocations=18 (full 4):
 PSYoungGen      total 416256K, used 415172K [0x00000000e0000000, 0x00000000fce80000, 0x0000000100000000)
  eden space 385536K, 99% used [0x00000000e0000000,0x00000000f7780528,0x00000000f7880000)
  from space 30720K, 99% used [0x00000000f8400000,0x00000000fa1f0e50,0x00000000fa200000)
  to   space 44032K, 0% used [0x00000000fa380000,0x00000000fa380000,0x00000000fce80000)
 ParOldGen       total 352256K, used 72034K [0x00000000a0000000, 0x00000000b5800000, 0x00000000e0000000)
  object space 352256K, 20% used [0x00000000a0000000,0x00000000a4658908,0x00000000b5800000)
 Metaspace       used 107811K, capacity 112952K, committed 116248K, reserved 1148928K
  class space    used 14115K, capacity 15073K, committed 15920K, reserved 1048576K
Event: 2716.789 GC heap after
Heap after GC invocations=18 (full 4):
 PSYoungGen      total 419840K, used 44026K [0x00000000e0000000, 0x0000000100000000, 0x0000000100000000)
  eden space 375808K, 0% used [0x00000000e0000000,0x00000000e0000000,0x00000000f6f00000)
  from space 44032K, 99% used [0x00000000fa380000,0x00000000fce7e9c0,0x00000000fce80000)
  to   space 53760K, 0% used [0x00000000f6f00000,0x00000000f6f00000,0x00000000fa380000)
 ParOldGen       total 352256K, used 79696K [0x00000000a0000000, 0x00000000b5800000, 0x00000000e0000000)
  object space 352256K, 22% used [0x00000000a0000000,0x00000000a4dd4288,0x00000000b5800000)
 Metaspace       used 107811K, capacity 112952K, committed 116248K, reserved 1148928K
  class space    used 14115K, capacity 15073K, committed 15920K, reserved 1048576K
}

